mode: set
gitlab.com/gobang/logger/logger.go:42.69,43.19 1 1
gitlab.com/gobang/logger/logger.go:47.2,47.47 1 1
gitlab.com/gobang/logger/logger.go:43.19,45.3 1 1
gitlab.com/gobang/logger/logger.go:50.46,51.16 1 1
gitlab.com/gobang/logger/logger.go:55.2,56.9 2 1
gitlab.com/gobang/logger/logger.go:60.2,60.12 1 1
gitlab.com/gobang/logger/logger.go:51.16,53.3 1 1
gitlab.com/gobang/logger/logger.go:56.9,58.3 1 1
gitlab.com/gobang/logger/logger_file.go:17.70,20.19 2 0
gitlab.com/gobang/logger/logger_file.go:24.2,25.17 2 0
gitlab.com/gobang/logger/logger_file.go:29.2,29.19 1 0
gitlab.com/gobang/logger/logger_file.go:35.2,38.16 3 0
gitlab.com/gobang/logger/logger_file.go:42.2,42.12 1 0
gitlab.com/gobang/logger/logger_file.go:20.19,21.44 1 0
gitlab.com/gobang/logger/logger_file.go:25.17,27.3 1 0
gitlab.com/gobang/logger/logger_file.go:29.19,31.3 1 0
gitlab.com/gobang/logger/logger_file.go:31.8,33.3 1 0
gitlab.com/gobang/logger/logger_file.go:38.16,39.76 1 0
gitlab.com/gobang/logger/logger_queue.go:22.72,25.19 2 0
gitlab.com/gobang/logger/logger_queue.go:29.2,29.35 1 0
gitlab.com/gobang/logger/logger_queue.go:33.2,35.17 2 0
gitlab.com/gobang/logger/logger_queue.go:39.2,43.16 4 0
gitlab.com/gobang/logger/logger_queue.go:47.2,47.12 1 0
gitlab.com/gobang/logger/logger_queue.go:25.19,26.45 1 0
gitlab.com/gobang/logger/logger_queue.go:29.35,30.82 1 0
gitlab.com/gobang/logger/logger_queue.go:35.17,37.3 1 0
gitlab.com/gobang/logger/logger_queue.go:43.16,44.77 1 0
gitlab.com/gobang/logger/util.go:23.57,29.2 2 1
gitlab.com/gobang/logger/util.go:31.44,35.25 3 1
gitlab.com/gobang/logger/util.go:123.2,123.16 1 1
gitlab.com/gobang/logger/util.go:36.19,38.23 1 0
gitlab.com/gobang/logger/util.go:51.21,52.32 1 0
gitlab.com/gobang/logger/util.go:53.19,54.30 1 0
gitlab.com/gobang/logger/util.go:55.22,56.44 1 1
gitlab.com/gobang/logger/util.go:119.10,120.24 1 0
gitlab.com/gobang/logger/util.go:38.23,40.23 2 0
gitlab.com/gobang/logger/util.go:41.56,42.66 1 0
gitlab.com/gobang/logger/util.go:43.23,44.30 1 0
gitlab.com/gobang/logger/util.go:45.21,46.28 1 0
gitlab.com/gobang/logger/util.go:47.12,48.29 1 0
gitlab.com/gobang/logger/util.go:56.44,58.24 2 1
gitlab.com/gobang/logger/util.go:59.84,60.51 1 0
gitlab.com/gobang/logger/util.go:75.12,76.68 1 1
gitlab.com/gobang/logger/util.go:60.51,63.42 1 0
gitlab.com/gobang/logger/util.go:63.42,64.68 1 0
gitlab.com/gobang/logger/util.go:64.68,65.38 1 0
gitlab.com/gobang/logger/util.go:65.38,67.9 1 0
gitlab.com/gobang/logger/util.go:68.13,70.8 1 0
gitlab.com/gobang/logger/util.go:71.12,73.7 1 0
gitlab.com/gobang/logger/util.go:76.68,78.50 2 1
gitlab.com/gobang/logger/util.go:82.6,82.24 1 1
gitlab.com/gobang/logger/util.go:79.18,80.53 1 1
gitlab.com/gobang/logger/util.go:82.24,83.18 1 1
gitlab.com/gobang/logger/util.go:102.7,102.40 1 1
gitlab.com/gobang/logger/util.go:84.20,85.23 1 1
gitlab.com/gobang/logger/util.go:86.21,89.9 1 1
gitlab.com/gobang/logger/util.go:90.22,93.9 1 1
gitlab.com/gobang/logger/util.go:94.20,95.47 1 1
gitlab.com/gobang/logger/util.go:96.23,97.26 1 1
gitlab.com/gobang/logger/util.go:98.22,99.46 1 1
gitlab.com/gobang/logger/util.go:103.12,105.7 1 0
gitlab.com/gobang/logger/util.go:106.11,107.35 1 0
gitlab.com/gobang/logger/util.go:107.35,109.7 1 0
gitlab.com/gobang/logger/util.go:109.12,110.30 1 0
gitlab.com/gobang/logger/util.go:111.21,113.14 2 0
gitlab.com/gobang/logger/util.go:126.60,128.34 2 0
gitlab.com/gobang/logger/util.go:141.2,141.8 1 0
gitlab.com/gobang/logger/util.go:128.34,130.23 2 0
gitlab.com/gobang/logger/util.go:131.83,133.21 1 0
gitlab.com/gobang/logger/util.go:136.11,137.31 1 0
gitlab.com/gobang/logger/util.go:133.21,135.5 1 0
gitlab.com/gobang/logger/util.go:144.58,147.22 3 0
gitlab.com/gobang/logger/util.go:162.2,162.8 1 0
gitlab.com/gobang/logger/util.go:147.22,148.34 1 0
gitlab.com/gobang/logger/util.go:149.83,151.32 1 0
gitlab.com/gobang/logger/util.go:157.11,158.57 1 0
gitlab.com/gobang/logger/util.go:151.32,156.5 1 0
gitlab.com/gobang/logger/util.go:165.37,168.2 1 0
gitlab.com/gobang/logger/global.go:9.33,11.2 1 1
gitlab.com/gobang/logger/global.go:13.27,14.21 1 1
gitlab.com/gobang/logger/global.go:18.2,18.17 1 1
gitlab.com/gobang/logger/global.go:14.21,16.3 1 1
gitlab.com/gobang/logger/global.go:21.66,23.2 1 1
gitlab.com/gobang/logger/global.go:25.65,27.2 1 1
gitlab.com/gobang/logger/global.go:29.65,31.2 1 1
gitlab.com/gobang/logger/global.go:33.66,35.2 1 1
gitlab.com/gobang/logger/global.go:37.66,39.2 1 1
gitlab.com/gobang/logger/global.go:41.66,43.2 1 1
gitlab.com/gobang/logger/global.go:45.48,47.2 1 1
gitlab.com/gobang/logger/logger_combine.go:25.85,27.2 1 0
gitlab.com/gobang/logger/logger_combine.go:29.84,31.2 1 0
gitlab.com/gobang/logger/logger_combine.go:33.84,35.2 1 0
gitlab.com/gobang/logger/logger_combine.go:37.85,39.2 1 0
gitlab.com/gobang/logger/logger_combine.go:41.85,43.2 1 0
gitlab.com/gobang/logger/logger_combine.go:45.85,47.2 1 0
gitlab.com/gobang/logger/logger_combine.go:49.67,51.2 1 0
gitlab.com/gobang/logger/logger_combine.go:53.39,56.43 2 0
gitlab.com/gobang/logger/logger_combine.go:60.2,60.43 1 0
gitlab.com/gobang/logger/logger_combine.go:64.2,64.12 1 0
gitlab.com/gobang/logger/logger_combine.go:56.43,58.3 1 0
gitlab.com/gobang/logger/logger_combine.go:60.43,62.3 1 0
gitlab.com/gobang/logger/logger_combine.go:67.49,71.33 3 0
gitlab.com/gobang/logger/logger_combine.go:80.2,81.33 2 0
gitlab.com/gobang/logger/logger_combine.go:90.2,93.3 1 0
gitlab.com/gobang/logger/logger_combine.go:72.13,73.76 1 0
gitlab.com/gobang/logger/logger_combine.go:74.12,75.74 1 0
gitlab.com/gobang/logger/logger_combine.go:76.10,77.28 1 0
gitlab.com/gobang/logger/logger_combine.go:82.13,83.76 1 0
gitlab.com/gobang/logger/logger_combine.go:84.12,85.74 1 0
gitlab.com/gobang/logger/logger_combine.go:86.10,87.28 1 0
gitlab.com/gobang/logger/logger_default.go:30.48,36.25 2 1
gitlab.com/gobang/logger/logger_default.go:44.2,47.37 2 1
gitlab.com/gobang/logger/logger_default.go:52.2,52.30 1 1
gitlab.com/gobang/logger/logger_default.go:56.2,56.27 1 1
gitlab.com/gobang/logger/logger_default.go:36.25,37.42 1 1
gitlab.com/gobang/logger/logger_default.go:37.42,39.4 1 1
gitlab.com/gobang/logger/logger_default.go:47.37,49.3 1 1
gitlab.com/gobang/logger/logger_default.go:52.30,54.3 1 1
gitlab.com/gobang/logger/logger_default.go:59.39,60.21 1 1
gitlab.com/gobang/logger/logger_default.go:64.2,65.34 2 1
gitlab.com/gobang/logger/logger_default.go:75.2,75.12 1 1
gitlab.com/gobang/logger/logger_default.go:60.21,62.3 1 0
gitlab.com/gobang/logger/logger_default.go:65.34,66.20 1 1
gitlab.com/gobang/logger/logger_default.go:70.3,70.36 1 1
gitlab.com/gobang/logger/logger_default.go:66.20,67.12 1 0
gitlab.com/gobang/logger/logger_default.go:70.36,72.4 1 0
gitlab.com/gobang/logger/logger_default.go:78.85,86.2 3 1
gitlab.com/gobang/logger/logger_default.go:88.84,96.2 3 1
gitlab.com/gobang/logger/logger_default.go:98.84,106.2 3 1
gitlab.com/gobang/logger/logger_default.go:108.85,116.2 3 1
gitlab.com/gobang/logger/logger_default.go:118.85,126.2 3 0
gitlab.com/gobang/logger/logger_default.go:128.85,136.2 3 1
gitlab.com/gobang/logger/logger_default.go:138.67,170.2 22 1
gitlab.com/gobang/logger/logger_default.go:172.102,189.34 12 1
gitlab.com/gobang/logger/logger_default.go:193.2,193.31 1 1
gitlab.com/gobang/logger/logger_default.go:197.2,197.8 1 1
gitlab.com/gobang/logger/logger_default.go:189.34,191.3 1 1
gitlab.com/gobang/logger/logger_default.go:193.31,195.3 1 1
gitlab.com/gobang/logger/logger_default.go:200.78,201.16 1 1
gitlab.com/gobang/logger/logger_default.go:207.2,208.8 2 1
gitlab.com/gobang/logger/logger_default.go:229.2,229.33 1 1
gitlab.com/gobang/logger/logger_default.go:241.2,241.11 1 1
gitlab.com/gobang/logger/logger_default.go:247.2,247.37 1 1
gitlab.com/gobang/logger/logger_default.go:259.2,260.8 2 1
gitlab.com/gobang/logger/logger_default.go:201.16,204.3 2 1
gitlab.com/gobang/logger/logger_default.go:208.8,210.18 2 0
gitlab.com/gobang/logger/logger_default.go:215.3,216.51 2 0
gitlab.com/gobang/logger/logger_default.go:223.3,224.9 2 0
gitlab.com/gobang/logger/logger_default.go:210.18,213.4 2 0
gitlab.com/gobang/logger/logger_default.go:216.51,220.4 2 0
gitlab.com/gobang/logger/logger_default.go:229.33,231.62 2 1
gitlab.com/gobang/logger/logger_default.go:236.3,237.9 2 1
gitlab.com/gobang/logger/logger_default.go:231.62,234.4 2 1
gitlab.com/gobang/logger/logger_default.go:241.11,244.3 2 1
gitlab.com/gobang/logger/logger_default.go:248.50,251.52 2 1
gitlab.com/gobang/logger/logger_default.go:251.52,255.4 3 1
gitlab.com/gobang/logger/logger_noop.go:7.71,7.72 0 1
gitlab.com/gobang/logger/logger_noop.go:9.70,9.71 0 1
gitlab.com/gobang/logger/logger_noop.go:11.70,11.71 0 1
gitlab.com/gobang/logger/logger_noop.go:13.71,13.72 0 1
gitlab.com/gobang/logger/logger_noop.go:15.71,15.72 0 1
gitlab.com/gobang/logger/logger_noop.go:17.71,17.72 0 1
gitlab.com/gobang/logger/logger_noop.go:19.64,19.65 0 1
gitlab.com/gobang/logger/logger_noop.go:21.43,23.2 1 0
gitlab.com/gobang/logger/logger_noop.go:25.29,25.60 1 1
gitlab.com/gobang/logger/logger_zap.go:35.75,37.33 2 1
gitlab.com/gobang/logger/logger_zap.go:45.2,47.8 3 1
gitlab.com/gobang/logger/logger_zap.go:37.33,38.20 1 1
gitlab.com/gobang/logger/logger_zap.go:42.3,42.59 1 1
gitlab.com/gobang/logger/logger_zap.go:38.20,39.12 1 0
gitlab.com/gobang/logger/logger_zap.go:50.35,60.2 2 1
gitlab.com/gobang/logger/logger_zap.go:62.66,64.2 1 1
gitlab.com/gobang/logger/logger_zap.go:66.80,68.2 1 0
gitlab.com/gobang/logger/opt.go:17.23,18.43 1 1
gitlab.com/gobang/logger/opt.go:18.43,21.3 2 1
gitlab.com/gobang/logger/opt.go:24.27,25.43 1 1
gitlab.com/gobang/logger/opt.go:25.43,28.3 2 1
gitlab.com/gobang/logger/opt.go:31.26,32.43 1 0
gitlab.com/gobang/logger/opt.go:32.43,36.3 2 0
gitlab.com/gobang/logger/opt.go:39.47,40.43 1 1
gitlab.com/gobang/logger/opt.go:40.43,42.17 2 1
gitlab.com/gobang/logger/opt.go:46.3,53.17 2 1
gitlab.com/gobang/logger/opt.go:58.3,60.13 3 1
gitlab.com/gobang/logger/opt.go:42.17,44.4 1 0
gitlab.com/gobang/logger/opt.go:53.17,55.4 1 0
gitlab.com/gobang/logger/opt.go:69.62,82.2 2 0
gitlab.com/gobang/logger/opt.go:89.49,90.43 1 0
gitlab.com/gobang/logger/opt.go:90.43,92.17 2 0
gitlab.com/gobang/logger/opt.go:96.3,103.17 7 0
gitlab.com/gobang/logger/opt.go:107.3,115.13 4 0
gitlab.com/gobang/logger/opt.go:92.17,94.4 1 0
gitlab.com/gobang/logger/opt.go:103.17,105.4 1 0
gitlab.com/gobang/logger/opt.go:121.53,122.43 1 1
gitlab.com/gobang/logger/opt.go:122.43,123.20 1 1
gitlab.com/gobang/logger/opt.go:128.3,130.13 3 1
gitlab.com/gobang/logger/opt.go:123.20,125.4 1 0
gitlab.com/gobang/logger/opt.go:135.36,136.43 1 1
gitlab.com/gobang/logger/opt.go:136.43,139.3 2 1
